d:\projectc++\testgame\build\chickenshooter.dir\debug\vc142.pdb
d:\projectc++\testgame\build\chickenshooter.dir\debug\animatedsprite.obj
d:\projectc++\testgame\build\chickenshooter.dir\debug\sprite.obj
d:\projectc++\testgame\build\chickenshooter.dir\debug\game.obj
d:\projectc++\testgame\build\chickenshooter.dir\debug\texture2d.obj
d:\projectc++\testgame\build\chickenshooter.dir\debug\background.obj
d:\projectc++\testgame\build\chickenshooter.dir\debug\vertexarray.obj
d:\projectc++\testgame\build\chickenshooter.dir\debug\elementbuffer.obj
d:\projectc++\testgame\build\chickenshooter.dir\debug\resourcemanager.obj
d:\projectc++\testgame\build\chickenshooter.dir\debug\shaderprogram.obj
d:\projectc++\testgame\build\chickenshooter.dir\debug\vertexbuffer.obj
d:\projectc++\testgame\build\chickenshooter.dir\debug\sdl_windows_main.obj
d:\projectc++\testgame\build\cmakefiles\generate.stamp
d:\projectc++\testgame\build\bin\debug\chickenshooter.exe
d:\projectc++\testgame\build\bin\debug\chickenshooter.ilk
d:\projectc++\testgame\build\bin\debug\chickenshooter.pdb
d:\projectc++\testgame\build\chickenshooter.dir\debug\chickenshooter.tlog\cl.command.1.tlog
d:\projectc++\testgame\build\chickenshooter.dir\debug\chickenshooter.tlog\cl.read.1.tlog
d:\projectc++\testgame\build\chickenshooter.dir\debug\chickenshooter.tlog\cl.write.1.tlog
d:\projectc++\testgame\build\chickenshooter.dir\debug\chickenshooter.tlog\custombuild.command.1.tlog
d:\projectc++\testgame\build\chickenshooter.dir\debug\chickenshooter.tlog\custombuild.read.1.tlog
d:\projectc++\testgame\build\chickenshooter.dir\debug\chickenshooter.tlog\custombuild.write.1.tlog
d:\projectc++\testgame\build\chickenshooter.dir\debug\chickenshooter.tlog\link.command.1.tlog
d:\projectc++\testgame\build\chickenshooter.dir\debug\chickenshooter.tlog\link.read.1.tlog
d:\projectc++\testgame\build\chickenshooter.dir\debug\chickenshooter.tlog\link.write.1.tlog
